[2025-11-29 05:59:36] INFO in logger: 日志系统初始化完成
[2025-11-29 06:01:03] INFO in logger: 日志系统初始化完成
[2025-11-29 06:01:03] WARNING in app: Flask-Limiter未安装，API限流功能不可用
[2025-11-29 06:01:03] INFO in app: 所有蓝图已注册
[2025-11-29 06:01:03] INFO in app: 数据库表检查完成
[2025-11-29 06:01:03] INFO in app: 应用初始化完成
[2025-11-29 06:01:03] INFO in logger: 日志系统初始化完成
[2025-11-29 06:01:03] WARNING in app: Flask-Limiter未安装，API限流功能不可用
[2025-11-29 06:01:03] INFO in app: 所有蓝图已注册
[2025-11-29 06:01:03] INFO in app: 数据库表检查完成
[2025-11-29 06:01:03] INFO in app: 应用初始化完成
[2025-11-29 06:06:06] INFO in logger: 日志系统初始化完成
[2025-11-29 06:06:06] WARNING in app: Flask-Limiter未安装，API限流功能不可用
[2025-11-29 06:06:06] INFO in app: 所有蓝图已注册
[2025-11-29 06:06:06] INFO in app: 数据库表检查完成
[2025-11-29 06:06:06] INFO in app: 应用初始化完成
[2025-11-29 06:06:09] INFO in logger: 日志系统初始化完成
[2025-11-29 06:06:09] INFO in app: 数据库迁移系统已启用
[2025-11-29 06:06:09] WARNING in app: Flask-Limiter未安装，API限流功能不可用
[2025-11-29 06:06:09] INFO in app: 所有蓝图已注册
[2025-11-29 06:06:09] INFO in app: 数据库表检查完成
[2025-11-29 06:06:09] INFO in app: 应用初始化完成
[2025-11-29 06:06:14] INFO in logger: 日志系统初始化完成
[2025-11-29 06:06:14] INFO in app: 数据库迁移系统已启用
[2025-11-29 06:06:14] WARNING in app: Flask-Limiter未安装，API限流功能不可用
[2025-11-29 06:06:14] INFO in app: 所有蓝图已注册
[2025-11-29 06:06:14] INFO in app: 数据库表检查完成
[2025-11-29 06:06:14] INFO in app: 应用初始化完成
[2025-11-29 06:06:21] INFO in logger: 日志系统初始化完成
[2025-11-29 06:06:21] INFO in app: 数据库迁移系统已启用
[2025-11-29 06:06:21] WARNING in app: Flask-Limiter未安装，API限流功能不可用
[2025-11-29 06:06:21] INFO in app: 所有蓝图已注册
[2025-11-29 06:06:21] INFO in app: 数据库表检查完成
[2025-11-29 06:06:21] INFO in app: 应用初始化完成
[2025-11-29 06:06:37] INFO in logger: 日志系统初始化完成
[2025-11-29 06:06:37] INFO in app: 数据库迁移系统已启用
[2025-11-29 06:06:37] WARNING in app: Flask-Limiter未安装，API限流功能不可用
[2025-11-29 06:06:37] INFO in app: 所有蓝图已注册
[2025-11-29 06:06:37] INFO in app: 数据库表检查完成
[2025-11-29 06:06:37] INFO in app: 应用初始化完成
[2025-11-29 06:06:44] INFO in logger: 日志系统初始化完成
[2025-11-29 06:06:44] INFO in app: 数据库迁移系统已启用
[2025-11-29 06:06:44] WARNING in app: Flask-Limiter未安装，API限流功能不可用
[2025-11-29 06:06:44] INFO in app: 所有蓝图已注册
[2025-11-29 06:06:44] INFO in app: 数据库表检查完成
[2025-11-29 06:06:44] INFO in app: 应用初始化完成
[2025-11-29 06:06:53] INFO in logger: 日志系统初始化完成
[2025-11-29 06:06:53] INFO in app: 数据库迁移系统已启用
[2025-11-29 06:06:53] WARNING in app: Flask-Limiter未安装，API限流功能不可用
[2025-11-29 06:06:53] INFO in app: 所有蓝图已注册
[2025-11-29 06:06:53] INFO in app: 数据库表检查完成
[2025-11-29 06:06:53] INFO in app: 应用初始化完成
[2025-11-29 06:07:12] INFO in logger: 日志系统初始化完成
[2025-11-29 06:07:12] INFO in app: 数据库迁移系统已启用
[2025-11-29 06:07:12] WARNING in app: Flask-Limiter未安装，API限流功能不可用
[2025-11-29 06:07:12] INFO in app: 所有蓝图已注册
[2025-11-29 06:07:12] INFO in app: 数据库表检查完成
[2025-11-29 06:07:12] INFO in app: 应用初始化完成
[2025-11-29 06:07:20] INFO in logger: 日志系统初始化完成
[2025-11-29 06:07:20] INFO in app: 数据库迁移系统已启用
[2025-11-29 06:07:20] WARNING in app: Flask-Limiter未安装，API限流功能不可用
[2025-11-29 06:07:20] INFO in app: 所有蓝图已注册
[2025-11-29 06:07:20] INFO in app: 数据库表检查完成
[2025-11-29 06:07:20] INFO in app: 应用初始化完成
[2025-11-29 06:07:47] INFO in logger: 日志系统初始化完成
[2025-11-29 06:07:47] INFO in app: 数据库迁移系统已启用
[2025-11-29 06:07:47] WARNING in app: Flask-Limiter未安装，API限流功能不可用
[2025-11-29 06:07:47] INFO in app: 所有蓝图已注册
[2025-11-29 06:07:47] INFO in app: 数据库表检查完成
[2025-11-29 06:07:47] INFO in app: 应用初始化完成
[2025-11-29 06:07:55] INFO in logger: 日志系统初始化完成
[2025-11-29 06:07:55] INFO in app: 数据库迁移系统已启用
[2025-11-29 06:07:55] WARNING in app: Flask-Limiter未安装，API限流功能不可用
[2025-11-29 06:07:55] INFO in app: 所有蓝图已注册
[2025-11-29 06:07:55] INFO in app: 数据库表检查完成
[2025-11-29 06:07:55] INFO in app: 应用初始化完成
[2025-11-29 06:07:58] INFO in logger: 日志系统初始化完成
[2025-11-29 06:07:58] INFO in app: 数据库迁移系统已启用
[2025-11-29 06:07:58] WARNING in app: Flask-Limiter未安装，API限流功能不可用
[2025-11-29 06:07:58] INFO in app: 所有蓝图已注册
[2025-11-29 06:07:58] INFO in app: 数据库表检查完成
[2025-11-29 06:07:58] INFO in app: 应用初始化完成
[2025-11-29 06:08:21] INFO in logger: 日志系统初始化完成
[2025-11-29 06:08:21] INFO in app: 数据库迁移系统已启用
[2025-11-29 06:08:21] WARNING in app: Flask-Limiter未安装，API限流功能不可用
[2025-11-29 06:08:21] INFO in app: 所有蓝图已注册
[2025-11-29 06:08:21] INFO in app: 数据库表检查完成
[2025-11-29 06:08:21] INFO in app: 应用初始化完成
[2025-11-29 06:08:35] INFO in logger: 日志系统初始化完成
[2025-11-29 06:08:35] INFO in app: 数据库迁移系统已启用
[2025-11-29 06:08:35] WARNING in app: Flask-Limiter未安装，API限流功能不可用
[2025-11-29 06:08:35] INFO in app: 所有蓝图已注册
[2025-11-29 06:08:35] INFO in app: 数据库表检查完成
[2025-11-29 06:08:35] INFO in app: 应用初始化完成
[2025-11-29 06:08:53] INFO in logger: 日志系统初始化完成
[2025-11-29 06:08:53] INFO in app: 数据库迁移系统已启用
[2025-11-29 06:08:53] WARNING in app: Flask-Limiter未安装，API限流功能不可用
[2025-11-29 06:08:53] INFO in app: 所有蓝图已注册
[2025-11-29 06:08:53] INFO in app: 数据库表检查完成
[2025-11-29 06:08:53] INFO in app: 应用初始化完成
[2025-11-29 06:12:27] INFO in logger: 日志系统初始化完成
[2025-11-29 06:12:27] INFO in app: 数据库迁移系统已启用
[2025-11-29 06:12:27] WARNING in app: Flask-Limiter未安装，API限流功能不可用
[2025-11-29 06:12:27] INFO in app: 所有蓝图已注册
[2025-11-29 06:12:27] INFO in app: 数据库表检查完成
[2025-11-29 06:12:27] INFO in app: 应用初始化完成
[2025-11-29 07:31:36] INFO in logger: 日志系统初始化完成
[2025-11-29 07:31:36] INFO in app: 数据库迁移系统已启用
[2025-11-29 07:31:36] WARNING in app: Flask-Limiter未安装，API限流功能不可用
[2025-11-29 07:31:36] INFO in app: 所有蓝图已注册
[2025-11-29 07:31:36] INFO in app: 数据库表检查完成
[2025-11-29 07:31:36] INFO in app: 应用初始化完成
[2025-11-29 07:31:37] INFO in logger: 日志系统初始化完成
[2025-11-29 07:31:37] INFO in app: 数据库迁移系统已启用
[2025-11-29 07:31:37] WARNING in app: Flask-Limiter未安装，API限流功能不可用
[2025-11-29 07:31:37] INFO in app: 所有蓝图已注册
[2025-11-29 07:31:37] INFO in app: 数据库表检查完成
[2025-11-29 07:31:37] INFO in app: 应用初始化完成
[2025-11-29 07:32:50] INFO in logger: 日志系统初始化完成
[2025-11-29 07:32:50] INFO in app: 数据库迁移系统已启用
[2025-11-29 07:32:50] WARNING in app: Flask-Limiter未安装，API限流功能不可用
[2025-11-29 07:32:50] INFO in app: 所有蓝图已注册
[2025-11-29 07:32:50] INFO in app: 数据库表检查完成
[2025-11-29 07:32:50] INFO in app: group_messages 表结构已校正
[2025-11-29 07:32:50] INFO in app: 应用初始化完成
[2025-11-29 07:32:56] INFO in logger: 日志系统初始化完成
[2025-11-29 07:32:56] INFO in app: 数据库迁移系统已启用
[2025-11-29 07:32:56] WARNING in app: Flask-Limiter未安装，API限流功能不可用
[2025-11-29 07:32:56] INFO in app: 所有蓝图已注册
[2025-11-29 07:32:56] INFO in app: 数据库表检查完成
[2025-11-29 07:32:56] INFO in app: group_messages 表结构已校正
[2025-11-29 07:32:56] INFO in app: 应用初始化完成
[2025-11-29 07:32:57] INFO in logger: 日志系统初始化完成
[2025-11-29 07:32:57] INFO in app: 数据库迁移系统已启用
[2025-11-29 07:32:57] WARNING in app: Flask-Limiter未安装，API限流功能不可用
[2025-11-29 07:32:57] INFO in app: 所有蓝图已注册
[2025-11-29 07:32:57] INFO in app: 数据库表检查完成
[2025-11-29 07:32:57] INFO in app: group_messages 表结构已校正
[2025-11-29 07:32:57] INFO in app: 应用初始化完成
[2025-11-29 19:07:44] INFO in logger: 日志系统初始化完成
[2025-11-29 19:07:44] INFO in app: 数据库迁移系统已启用
[2025-11-29 19:07:44] WARNING in app: Flask-Limiter未安装，API限流功能不可用
[2025-11-29 19:07:44] INFO in app: 所有蓝图已注册
[2025-11-29 19:07:44] INFO in app: 数据库表检查完成
[2025-11-29 19:07:44] INFO in app: group_messages 表结构已校正
[2025-11-29 19:07:44] INFO in app: 应用初始化完成
[2025-11-29 19:07:57] INFO in logger: 日志系统初始化完成
[2025-11-29 19:07:57] INFO in app: 数据库迁移系统已启用
[2025-11-29 19:07:57] WARNING in app: Flask-Limiter未安装，API限流功能不可用
[2025-11-29 19:07:57] INFO in app: 所有蓝图已注册
[2025-11-29 19:07:57] INFO in app: 数据库表检查完成
[2025-11-29 19:07:57] INFO in app: group_messages 表结构已校正
[2025-11-29 19:07:57] INFO in app: 应用初始化完成
[2025-11-29 19:13:55] INFO in logger: 日志系统初始化完成
[2025-11-29 19:13:55] INFO in app: 数据库迁移系统已启用
[2025-11-29 19:13:55] WARNING in app: Flask-Limiter未安装，API限流功能不可用
[2025-11-29 19:13:55] INFO in app: 所有蓝图已注册
[2025-11-29 19:13:55] INFO in app: 数据库表检查完成
[2025-11-29 19:13:55] INFO in app: group_messages 表结构已校正
[2025-11-29 19:13:55] INFO in app: 应用初始化完成
[2025-11-29 20:06:15] INFO in logger: 日志系统初始化完成
[2025-11-29 20:06:15] INFO in app: 数据库迁移系统已启用
[2025-11-29 20:06:15] WARNING in app: Flask-Limiter未安装，API限流功能不可用
[2025-11-29 20:06:15] INFO in app: 所有蓝图已注册
[2025-11-29 20:06:15] INFO in app: 数据库表检查完成
[2025-11-29 20:06:16] INFO in app: group_messages 表结构已校正
[2025-11-29 20:06:16] INFO in app: 应用初始化完成
[2025-11-29 20:09:37] INFO in logger: 日志系统初始化完成
[2025-11-29 20:09:37] INFO in app: 数据库迁移系统已启用
[2025-11-29 20:09:37] WARNING in app: Flask-Limiter未安装，API限流功能不可用
[2025-11-29 20:09:37] INFO in app: 所有蓝图已注册
[2025-11-29 20:09:37] INFO in app: 数据库表检查完成
[2025-11-29 20:09:37] INFO in app: group_messages 表结构已校正
[2025-11-29 20:09:37] INFO in app: 应用初始化完成
[2025-11-29 20:16:39] ERROR in errors: Unhandled Exception [5e2b26e8]: (sqlite3.OperationalError) no such column: users.avatar_url
[SQL: SELECT users.id AS users_id, users.username AS users_username, users.email AS users_email, users.password_hash AS users_password_hash, users.is_active AS users_is_active, users.avatar_url AS users_avatar_url, users.avatar_file_id AS users_avatar_file_id 
FROM users 
WHERE users.id = ? OR users.username = ? OR users.email = ?
 LIMIT ? OFFSET ?]
[parameters: ('31347787a25a4976', '31347787a25a4976', '31347787a25a4976', 1, 0)]
(Background on this error at: https://sqlalche.me/e/20/e3q8)
Traceback: Traceback (most recent call last):
  File "/usr/local/lib64/python3.11/site-packages/sqlalchemy/engine/base.py", line 1969, in _exec_single_context
    self.dialect.do_execute(
  File "/usr/local/lib64/python3.11/site-packages/sqlalchemy/engine/default.py", line 922, in do_execute
    cursor.execute(statement, parameters)
sqlite3.OperationalError: no such column: users.avatar_url

The above exception was the direct cause of the following exception:

Traceback (most recent call last):
  File "/usr/local/lib/python3.11/site-packages/flask/app.py", line 867, in full_dispatch_request
    rv = self.dispatch_request()
         ^^^^^^^^^^^^^^^^^^^^^^^
  File "/usr/local/lib/python3.11/site-packages/flask/app.py", line 852, in dispatch_request
    return self.ensure_sync(self.view_functions[rule.endpoint])(**view_args)
           ^^^^^^^^^^^^^^^^^^^^^^^^^^^^^^^^^^^^^^^^^^^^^^^^^^^^^^^^^^^^^^^^^
  File "/root/ToDoListServer/auth.py", line 192, in decorated
    ).first()
      ^^^^^^^
  File "/usr/local/lib64/python3.11/site-packages/sqlalchemy/orm/query.py", line 2748, in first
    return self.limit(1)._iter().first()  # type: ignore
           ^^^^^^^^^^^^^^^^^^^^^
  File "/usr/local/lib64/python3.11/site-packages/sqlalchemy/orm/query.py", line 2847, in _iter
    result: Union[ScalarResult[_T], Result[_T]] = self.session.execute(
                                                  ^^^^^^^^^^^^^^^^^^^^^
  File "/usr/local/lib64/python3.11/site-packages/sqlalchemy/orm/session.py", line 2308, in execute
    return self._execute_internal(
           ^^^^^^^^^^^^^^^^^^^^^^^
  File "/usr/local/lib64/python3.11/site-packages/sqlalchemy/orm/session.py", line 2190, in _execute_internal
    result: Result[Any] = compile_state_cls.orm_execute_statement(
                          ^^^^^^^^^^^^^^^^^^^^^^^^^^^^^^^^^^^^^^^^
  File "/usr/local/lib64/python3.11/site-packages/sqlalchemy/orm/context.py", line 293, in orm_execute_statement
    result = conn.execute(
             ^^^^^^^^^^^^^
  File "/usr/local/lib64/python3.11/site-packages/sqlalchemy/engine/base.py", line 1416, in execute
    return meth(
           ^^^^^
  File "/usr/local/lib64/python3.11/site-packages/sqlalchemy/sql/elements.py", line 516, in _execute_on_connection
    return connection._execute_clauseelement(
           ^^^^^^^^^^^^^^^^^^^^^^^^^^^^^^^^^^
  File "/usr/local/lib64/python3.11/site-packages/sqlalchemy/engine/base.py", line 1639, in _execute_clauseelement
    ret = self._execute_context(
          ^^^^^^^^^^^^^^^^^^^^^^
  File "/usr/local/lib64/python3.11/site-packages/sqlalchemy/engine/base.py", line 1848, in _execute_context
    return self._exec_single_context(
           ^^^^^^^^^^^^^^^^^^^^^^^^^^
  File "/usr/local/lib64/python3.11/site-packages/sqlalchemy/engine/base.py", line 1988, in _exec_single_context
    self._handle_dbapi_exception(
  File "/usr/local/lib64/python3.11/site-packages/sqlalchemy/engine/base.py", line 2343, in _handle_dbapi_exception
    raise sqlalchemy_exception.with_traceback(exc_info[2]) from e
  File "/usr/local/lib64/python3.11/site-packages/sqlalchemy/engine/base.py", line 1969, in _exec_single_context
    self.dialect.do_execute(
  File "/usr/local/lib64/python3.11/site-packages/sqlalchemy/engine/default.py", line 922, in do_execute
    cursor.execute(statement, parameters)
sqlalchemy.exc.OperationalError: (sqlite3.OperationalError) no such column: users.avatar_url
[SQL: SELECT users.id AS users_id, users.username AS users_username, users.email AS users_email, users.password_hash AS users_password_hash, users.is_active AS users_is_active, users.avatar_url AS users_avatar_url, users.avatar_file_id AS users_avatar_file_id 
FROM users 
WHERE users.id = ? OR users.username = ? OR users.email = ?
 LIMIT ? OFFSET ?]
[parameters: ('31347787a25a4976', '31347787a25a4976', '31347787a25a4976', 1, 0)]
(Background on this error at: https://sqlalche.me/e/20/e3q8)

[2025-11-29 20:16:40] ERROR in errors: Unhandled Exception [7f2a5ac3]: (sqlite3.OperationalError) no such column: users.avatar_url
[SQL: SELECT users.id AS users_id, users.username AS users_username, users.email AS users_email, users.password_hash AS users_password_hash, users.is_active AS users_is_active, users.avatar_url AS users_avatar_url, users.avatar_file_id AS users_avatar_file_id 
FROM users 
WHERE users.id = ? OR users.username = ? OR users.email = ?
 LIMIT ? OFFSET ?]
[parameters: ('31347787a25a4976', '31347787a25a4976', '31347787a25a4976', 1, 0)]
(Background on this error at: https://sqlalche.me/e/20/e3q8)
Traceback: Traceback (most recent call last):
  File "/usr/local/lib64/python3.11/site-packages/sqlalchemy/engine/base.py", line 1969, in _exec_single_context
    self.dialect.do_execute(
  File "/usr/local/lib64/python3.11/site-packages/sqlalchemy/engine/default.py", line 922, in do_execute
    cursor.execute(statement, parameters)
sqlite3.OperationalError: no such column: users.avatar_url

The above exception was the direct cause of the following exception:

Traceback (most recent call last):
  File "/usr/local/lib/python3.11/site-packages/flask/app.py", line 867, in full_dispatch_request
    rv = self.dispatch_request()
         ^^^^^^^^^^^^^^^^^^^^^^^
  File "/usr/local/lib/python3.11/site-packages/flask/app.py", line 852, in dispatch_request
    return self.ensure_sync(self.view_functions[rule.endpoint])(**view_args)
           ^^^^^^^^^^^^^^^^^^^^^^^^^^^^^^^^^^^^^^^^^^^^^^^^^^^^^^^^^^^^^^^^^
  File "/root/ToDoListServer/auth.py", line 192, in decorated
    ).first()
      ^^^^^^^
  File "/usr/local/lib64/python3.11/site-packages/sqlalchemy/orm/query.py", line 2748, in first
    return self.limit(1)._iter().first()  # type: ignore
           ^^^^^^^^^^^^^^^^^^^^^
  File "/usr/local/lib64/python3.11/site-packages/sqlalchemy/orm/query.py", line 2847, in _iter
    result: Union[ScalarResult[_T], Result[_T]] = self.session.execute(
                                                  ^^^^^^^^^^^^^^^^^^^^^
  File "/usr/local/lib64/python3.11/site-packages/sqlalchemy/orm/session.py", line 2308, in execute
    return self._execute_internal(
           ^^^^^^^^^^^^^^^^^^^^^^^
  File "/usr/local/lib64/python3.11/site-packages/sqlalchemy/orm/session.py", line 2190, in _execute_internal
    result: Result[Any] = compile_state_cls.orm_execute_statement(
                          ^^^^^^^^^^^^^^^^^^^^^^^^^^^^^^^^^^^^^^^^
  File "/usr/local/lib64/python3.11/site-packages/sqlalchemy/orm/context.py", line 293, in orm_execute_statement
    result = conn.execute(
             ^^^^^^^^^^^^^
  File "/usr/local/lib64/python3.11/site-packages/sqlalchemy/engine/base.py", line 1416, in execute
    return meth(
           ^^^^^
  File "/usr/local/lib64/python3.11/site-packages/sqlalchemy/sql/elements.py", line 516, in _execute_on_connection
    return connection._execute_clauseelement(
           ^^^^^^^^^^^^^^^^^^^^^^^^^^^^^^^^^^
  File "/usr/local/lib64/python3.11/site-packages/sqlalchemy/engine/base.py", line 1639, in _execute_clauseelement
    ret = self._execute_context(
          ^^^^^^^^^^^^^^^^^^^^^^
  File "/usr/local/lib64/python3.11/site-packages/sqlalchemy/engine/base.py", line 1848, in _execute_context
    return self._exec_single_context(
           ^^^^^^^^^^^^^^^^^^^^^^^^^^
  File "/usr/local/lib64/python3.11/site-packages/sqlalchemy/engine/base.py", line 1988, in _exec_single_context
    self._handle_dbapi_exception(
  File "/usr/local/lib64/python3.11/site-packages/sqlalchemy/engine/base.py", line 2343, in _handle_dbapi_exception
    raise sqlalchemy_exception.with_traceback(exc_info[2]) from e
  File "/usr/local/lib64/python3.11/site-packages/sqlalchemy/engine/base.py", line 1969, in _exec_single_context
    self.dialect.do_execute(
  File "/usr/local/lib64/python3.11/site-packages/sqlalchemy/engine/default.py", line 922, in do_execute
    cursor.execute(statement, parameters)
sqlalchemy.exc.OperationalError: (sqlite3.OperationalError) no such column: users.avatar_url
[SQL: SELECT users.id AS users_id, users.username AS users_username, users.email AS users_email, users.password_hash AS users_password_hash, users.is_active AS users_is_active, users.avatar_url AS users_avatar_url, users.avatar_file_id AS users_avatar_file_id 
FROM users 
WHERE users.id = ? OR users.username = ? OR users.email = ?
 LIMIT ? OFFSET ?]
[parameters: ('31347787a25a4976', '31347787a25a4976', '31347787a25a4976', 1, 0)]
(Background on this error at: https://sqlalche.me/e/20/e3q8)

[2025-11-29 20:16:40] ERROR in errors: Unhandled Exception [f7b7e682]: (sqlite3.OperationalError) no such column: users.avatar_url
[SQL: SELECT users.id AS users_id, users.username AS users_username, users.email AS users_email, users.password_hash AS users_password_hash, users.is_active AS users_is_active, users.avatar_url AS users_avatar_url, users.avatar_file_id AS users_avatar_file_id 
FROM users 
WHERE users.id = ? OR users.username = ? OR users.email = ?
 LIMIT ? OFFSET ?]
[parameters: ('31347787a25a4976', '31347787a25a4976', '31347787a25a4976', 1, 0)]
(Background on this error at: https://sqlalche.me/e/20/e3q8)
Traceback: Traceback (most recent call last):
  File "/usr/local/lib64/python3.11/site-packages/sqlalchemy/engine/base.py", line 1969, in _exec_single_context
    self.dialect.do_execute(
  File "/usr/local/lib64/python3.11/site-packages/sqlalchemy/engine/default.py", line 922, in do_execute
    cursor.execute(statement, parameters)
sqlite3.OperationalError: no such column: users.avatar_url

The above exception was the direct cause of the following exception:

Traceback (most recent call last):
  File "/usr/local/lib/python3.11/site-packages/flask/app.py", line 867, in full_dispatch_request
    rv = self.dispatch_request()
         ^^^^^^^^^^^^^^^^^^^^^^^
  File "/usr/local/lib/python3.11/site-packages/flask/app.py", line 852, in dispatch_request
    return self.ensure_sync(self.view_functions[rule.endpoint])(**view_args)
           ^^^^^^^^^^^^^^^^^^^^^^^^^^^^^^^^^^^^^^^^^^^^^^^^^^^^^^^^^^^^^^^^^
  File "/root/ToDoListServer/auth.py", line 192, in decorated
    ).first()
      ^^^^^^^
  File "/usr/local/lib64/python3.11/site-packages/sqlalchemy/orm/query.py", line 2748, in first
    return self.limit(1)._iter().first()  # type: ignore
           ^^^^^^^^^^^^^^^^^^^^^
  File "/usr/local/lib64/python3.11/site-packages/sqlalchemy/orm/query.py", line 2847, in _iter
    result: Union[ScalarResult[_T], Result[_T]] = self.session.execute(
                                                  ^^^^^^^^^^^^^^^^^^^^^
  File "/usr/local/lib64/python3.11/site-packages/sqlalchemy/orm/session.py", line 2308, in execute
    return self._execute_internal(
           ^^^^^^^^^^^^^^^^^^^^^^^
  File "/usr/local/lib64/python3.11/site-packages/sqlalchemy/orm/session.py", line 2190, in _execute_internal
    result: Result[Any] = compile_state_cls.orm_execute_statement(
                          ^^^^^^^^^^^^^^^^^^^^^^^^^^^^^^^^^^^^^^^^
  File "/usr/local/lib64/python3.11/site-packages/sqlalchemy/orm/context.py", line 293, in orm_execute_statement
    result = conn.execute(
             ^^^^^^^^^^^^^
  File "/usr/local/lib64/python3.11/site-packages/sqlalchemy/engine/base.py", line 1416, in execute
    return meth(
           ^^^^^
  File "/usr/local/lib64/python3.11/site-packages/sqlalchemy/sql/elements.py", line 516, in _execute_on_connection
    return connection._execute_clauseelement(
           ^^^^^^^^^^^^^^^^^^^^^^^^^^^^^^^^^^
  File "/usr/local/lib64/python3.11/site-packages/sqlalchemy/engine/base.py", line 1639, in _execute_clauseelement
    ret = self._execute_context(
          ^^^^^^^^^^^^^^^^^^^^^^
  File "/usr/local/lib64/python3.11/site-packages/sqlalchemy/engine/base.py", line 1848, in _execute_context
    return self._exec_single_context(
           ^^^^^^^^^^^^^^^^^^^^^^^^^^
  File "/usr/local/lib64/python3.11/site-packages/sqlalchemy/engine/base.py", line 1988, in _exec_single_context
    self._handle_dbapi_exception(
  File "/usr/local/lib64/python3.11/site-packages/sqlalchemy/engine/base.py", line 2343, in _handle_dbapi_exception
    raise sqlalchemy_exception.with_traceback(exc_info[2]) from e
  File "/usr/local/lib64/python3.11/site-packages/sqlalchemy/engine/base.py", line 1969, in _exec_single_context
    self.dialect.do_execute(
  File "/usr/local/lib64/python3.11/site-packages/sqlalchemy/engine/default.py", line 922, in do_execute
    cursor.execute(statement, parameters)
sqlalchemy.exc.OperationalError: (sqlite3.OperationalError) no such column: users.avatar_url
[SQL: SELECT users.id AS users_id, users.username AS users_username, users.email AS users_email, users.password_hash AS users_password_hash, users.is_active AS users_is_active, users.avatar_url AS users_avatar_url, users.avatar_file_id AS users_avatar_file_id 
FROM users 
WHERE users.id = ? OR users.username = ? OR users.email = ?
 LIMIT ? OFFSET ?]
[parameters: ('31347787a25a4976', '31347787a25a4976', '31347787a25a4976', 1, 0)]
(Background on this error at: https://sqlalche.me/e/20/e3q8)

[2025-11-29 20:17:27] ERROR in errors: Unhandled Exception [20d9ae90]: (sqlite3.OperationalError) no such column: users.avatar_url
[SQL: SELECT users.id AS users_id, users.username AS users_username, users.email AS users_email, users.password_hash AS users_password_hash, users.is_active AS users_is_active, users.avatar_url AS users_avatar_url, users.avatar_file_id AS users_avatar_file_id 
FROM users 
WHERE users.id = ? OR users.username = ? OR users.email = ?
 LIMIT ? OFFSET ?]
[parameters: ('31347787a25a4976', '31347787a25a4976', '31347787a25a4976', 1, 0)]
(Background on this error at: https://sqlalche.me/e/20/e3q8)
Traceback: Traceback (most recent call last):
  File "/usr/local/lib64/python3.11/site-packages/sqlalchemy/engine/base.py", line 1969, in _exec_single_context
    self.dialect.do_execute(
  File "/usr/local/lib64/python3.11/site-packages/sqlalchemy/engine/default.py", line 922, in do_execute
    cursor.execute(statement, parameters)
sqlite3.OperationalError: no such column: users.avatar_url

The above exception was the direct cause of the following exception:

Traceback (most recent call last):
  File "/usr/local/lib/python3.11/site-packages/flask/app.py", line 867, in full_dispatch_request
    rv = self.dispatch_request()
         ^^^^^^^^^^^^^^^^^^^^^^^
  File "/usr/local/lib/python3.11/site-packages/flask/app.py", line 852, in dispatch_request
    return self.ensure_sync(self.view_functions[rule.endpoint])(**view_args)
           ^^^^^^^^^^^^^^^^^^^^^^^^^^^^^^^^^^^^^^^^^^^^^^^^^^^^^^^^^^^^^^^^^
  File "/root/ToDoListServer/auth.py", line 192, in decorated
    ).first()
      ^^^^^^^
  File "/usr/local/lib64/python3.11/site-packages/sqlalchemy/orm/query.py", line 2748, in first
    return self.limit(1)._iter().first()  # type: ignore
           ^^^^^^^^^^^^^^^^^^^^^
  File "/usr/local/lib64/python3.11/site-packages/sqlalchemy/orm/query.py", line 2847, in _iter
    result: Union[ScalarResult[_T], Result[_T]] = self.session.execute(
                                                  ^^^^^^^^^^^^^^^^^^^^^
  File "/usr/local/lib64/python3.11/site-packages/sqlalchemy/orm/session.py", line 2308, in execute
    return self._execute_internal(
           ^^^^^^^^^^^^^^^^^^^^^^^
  File "/usr/local/lib64/python3.11/site-packages/sqlalchemy/orm/session.py", line 2190, in _execute_internal
    result: Result[Any] = compile_state_cls.orm_execute_statement(
                          ^^^^^^^^^^^^^^^^^^^^^^^^^^^^^^^^^^^^^^^^
  File "/usr/local/lib64/python3.11/site-packages/sqlalchemy/orm/context.py", line 293, in orm_execute_statement
    result = conn.execute(
             ^^^^^^^^^^^^^
  File "/usr/local/lib64/python3.11/site-packages/sqlalchemy/engine/base.py", line 1416, in execute
    return meth(
           ^^^^^
  File "/usr/local/lib64/python3.11/site-packages/sqlalchemy/sql/elements.py", line 516, in _execute_on_connection
    return connection._execute_clauseelement(
           ^^^^^^^^^^^^^^^^^^^^^^^^^^^^^^^^^^
  File "/usr/local/lib64/python3.11/site-packages/sqlalchemy/engine/base.py", line 1639, in _execute_clauseelement
    ret = self._execute_context(
          ^^^^^^^^^^^^^^^^^^^^^^
  File "/usr/local/lib64/python3.11/site-packages/sqlalchemy/engine/base.py", line 1848, in _execute_context
    return self._exec_single_context(
           ^^^^^^^^^^^^^^^^^^^^^^^^^^
  File "/usr/local/lib64/python3.11/site-packages/sqlalchemy/engine/base.py", line 1988, in _exec_single_context
    self._handle_dbapi_exception(
  File "/usr/local/lib64/python3.11/site-packages/sqlalchemy/engine/base.py", line 2343, in _handle_dbapi_exception
    raise sqlalchemy_exception.with_traceback(exc_info[2]) from e
  File "/usr/local/lib64/python3.11/site-packages/sqlalchemy/engine/base.py", line 1969, in _exec_single_context
    self.dialect.do_execute(
  File "/usr/local/lib64/python3.11/site-packages/sqlalchemy/engine/default.py", line 922, in do_execute
    cursor.execute(statement, parameters)
sqlalchemy.exc.OperationalError: (sqlite3.OperationalError) no such column: users.avatar_url
[SQL: SELECT users.id AS users_id, users.username AS users_username, users.email AS users_email, users.password_hash AS users_password_hash, users.is_active AS users_is_active, users.avatar_url AS users_avatar_url, users.avatar_file_id AS users_avatar_file_id 
FROM users 
WHERE users.id = ? OR users.username = ? OR users.email = ?
 LIMIT ? OFFSET ?]
[parameters: ('31347787a25a4976', '31347787a25a4976', '31347787a25a4976', 1, 0)]
(Background on this error at: https://sqlalche.me/e/20/e3q8)

[2025-11-29 20:17:27] ERROR in errors: Unhandled Exception [7dd09ca0]: (sqlite3.OperationalError) no such column: users.avatar_url
[SQL: SELECT users.id AS users_id, users.username AS users_username, users.email AS users_email, users.password_hash AS users_password_hash, users.is_active AS users_is_active, users.avatar_url AS users_avatar_url, users.avatar_file_id AS users_avatar_file_id 
FROM users 
WHERE users.id = ? OR users.username = ? OR users.email = ?
 LIMIT ? OFFSET ?]
[parameters: ('31347787a25a4976', '31347787a25a4976', '31347787a25a4976', 1, 0)]
(Background on this error at: https://sqlalche.me/e/20/e3q8)
Traceback: Traceback (most recent call last):
  File "/usr/local/lib64/python3.11/site-packages/sqlalchemy/engine/base.py", line 1969, in _exec_single_context
    self.dialect.do_execute(
  File "/usr/local/lib64/python3.11/site-packages/sqlalchemy/engine/default.py", line 922, in do_execute
    cursor.execute(statement, parameters)
sqlite3.OperationalError: no such column: users.avatar_url

The above exception was the direct cause of the following exception:

Traceback (most recent call last):
  File "/usr/local/lib/python3.11/site-packages/flask/app.py", line 867, in full_dispatch_request
    rv = self.dispatch_request()
         ^^^^^^^^^^^^^^^^^^^^^^^
  File "/usr/local/lib/python3.11/site-packages/flask/app.py", line 852, in dispatch_request
    return self.ensure_sync(self.view_functions[rule.endpoint])(**view_args)
           ^^^^^^^^^^^^^^^^^^^^^^^^^^^^^^^^^^^^^^^^^^^^^^^^^^^^^^^^^^^^^^^^^
  File "/root/ToDoListServer/auth.py", line 192, in decorated
    ).first()
      ^^^^^^^
  File "/usr/local/lib64/python3.11/site-packages/sqlalchemy/orm/query.py", line 2748, in first
    return self.limit(1)._iter().first()  # type: ignore
           ^^^^^^^^^^^^^^^^^^^^^
  File "/usr/local/lib64/python3.11/site-packages/sqlalchemy/orm/query.py", line 2847, in _iter
    result: Union[ScalarResult[_T], Result[_T]] = self.session.execute(
                                                  ^^^^^^^^^^^^^^^^^^^^^
  File "/usr/local/lib64/python3.11/site-packages/sqlalchemy/orm/session.py", line 2308, in execute
    return self._execute_internal(
           ^^^^^^^^^^^^^^^^^^^^^^^
  File "/usr/local/lib64/python3.11/site-packages/sqlalchemy/orm/session.py", line 2190, in _execute_internal
    result: Result[Any] = compile_state_cls.orm_execute_statement(
                          ^^^^^^^^^^^^^^^^^^^^^^^^^^^^^^^^^^^^^^^^
  File "/usr/local/lib64/python3.11/site-packages/sqlalchemy/orm/context.py", line 293, in orm_execute_statement
    result = conn.execute(
             ^^^^^^^^^^^^^
  File "/usr/local/lib64/python3.11/site-packages/sqlalchemy/engine/base.py", line 1416, in execute
    return meth(
           ^^^^^
  File "/usr/local/lib64/python3.11/site-packages/sqlalchemy/sql/elements.py", line 516, in _execute_on_connection
    return connection._execute_clauseelement(
           ^^^^^^^^^^^^^^^^^^^^^^^^^^^^^^^^^^
  File "/usr/local/lib64/python3.11/site-packages/sqlalchemy/engine/base.py", line 1639, in _execute_clauseelement
    ret = self._execute_context(
          ^^^^^^^^^^^^^^^^^^^^^^
  File "/usr/local/lib64/python3.11/site-packages/sqlalchemy/engine/base.py", line 1848, in _execute_context
    return self._exec_single_context(
           ^^^^^^^^^^^^^^^^^^^^^^^^^^
  File "/usr/local/lib64/python3.11/site-packages/sqlalchemy/engine/base.py", line 1988, in _exec_single_context
    self._handle_dbapi_exception(
  File "/usr/local/lib64/python3.11/site-packages/sqlalchemy/engine/base.py", line 2343, in _handle_dbapi_exception
    raise sqlalchemy_exception.with_traceback(exc_info[2]) from e
  File "/usr/local/lib64/python3.11/site-packages/sqlalchemy/engine/base.py", line 1969, in _exec_single_context
    self.dialect.do_execute(
  File "/usr/local/lib64/python3.11/site-packages/sqlalchemy/engine/default.py", line 922, in do_execute
    cursor.execute(statement, parameters)
sqlalchemy.exc.OperationalError: (sqlite3.OperationalError) no such column: users.avatar_url
[SQL: SELECT users.id AS users_id, users.username AS users_username, users.email AS users_email, users.password_hash AS users_password_hash, users.is_active AS users_is_active, users.avatar_url AS users_avatar_url, users.avatar_file_id AS users_avatar_file_id 
FROM users 
WHERE users.id = ? OR users.username = ? OR users.email = ?
 LIMIT ? OFFSET ?]
[parameters: ('31347787a25a4976', '31347787a25a4976', '31347787a25a4976', 1, 0)]
(Background on this error at: https://sqlalche.me/e/20/e3q8)

[2025-11-29 20:17:27] ERROR in errors: Unhandled Exception [e1348e47]: (sqlite3.OperationalError) no such column: users.avatar_url
[SQL: SELECT users.id AS users_id, users.username AS users_username, users.email AS users_email, users.password_hash AS users_password_hash, users.is_active AS users_is_active, users.avatar_url AS users_avatar_url, users.avatar_file_id AS users_avatar_file_id 
FROM users 
WHERE users.id = ? OR users.username = ? OR users.email = ?
 LIMIT ? OFFSET ?]
[parameters: ('31347787a25a4976', '31347787a25a4976', '31347787a25a4976', 1, 0)]
(Background on this error at: https://sqlalche.me/e/20/e3q8)
Traceback: Traceback (most recent call last):
  File "/usr/local/lib64/python3.11/site-packages/sqlalchemy/engine/base.py", line 1969, in _exec_single_context
    self.dialect.do_execute(
  File "/usr/local/lib64/python3.11/site-packages/sqlalchemy/engine/default.py", line 922, in do_execute
    cursor.execute(statement, parameters)
sqlite3.OperationalError: no such column: users.avatar_url

The above exception was the direct cause of the following exception:

Traceback (most recent call last):
  File "/usr/local/lib/python3.11/site-packages/flask/app.py", line 867, in full_dispatch_request
    rv = self.dispatch_request()
         ^^^^^^^^^^^^^^^^^^^^^^^
  File "/usr/local/lib/python3.11/site-packages/flask/app.py", line 852, in dispatch_request
    return self.ensure_sync(self.view_functions[rule.endpoint])(**view_args)
           ^^^^^^^^^^^^^^^^^^^^^^^^^^^^^^^^^^^^^^^^^^^^^^^^^^^^^^^^^^^^^^^^^
  File "/root/ToDoListServer/auth.py", line 192, in decorated
    ).first()
      ^^^^^^^
  File "/usr/local/lib64/python3.11/site-packages/sqlalchemy/orm/query.py", line 2748, in first
    return self.limit(1)._iter().first()  # type: ignore
           ^^^^^^^^^^^^^^^^^^^^^
  File "/usr/local/lib64/python3.11/site-packages/sqlalchemy/orm/query.py", line 2847, in _iter
    result: Union[ScalarResult[_T], Result[_T]] = self.session.execute(
                                                  ^^^^^^^^^^^^^^^^^^^^^
  File "/usr/local/lib64/python3.11/site-packages/sqlalchemy/orm/session.py", line 2308, in execute
    return self._execute_internal(
           ^^^^^^^^^^^^^^^^^^^^^^^
  File "/usr/local/lib64/python3.11/site-packages/sqlalchemy/orm/session.py", line 2190, in _execute_internal
    result: Result[Any] = compile_state_cls.orm_execute_statement(
                          ^^^^^^^^^^^^^^^^^^^^^^^^^^^^^^^^^^^^^^^^
  File "/usr/local/lib64/python3.11/site-packages/sqlalchemy/orm/context.py", line 293, in orm_execute_statement
    result = conn.execute(
             ^^^^^^^^^^^^^
  File "/usr/local/lib64/python3.11/site-packages/sqlalchemy/engine/base.py", line 1416, in execute
    return meth(
           ^^^^^
  File "/usr/local/lib64/python3.11/site-packages/sqlalchemy/sql/elements.py", line 516, in _execute_on_connection
    return connection._execute_clauseelement(
           ^^^^^^^^^^^^^^^^^^^^^^^^^^^^^^^^^^
  File "/usr/local/lib64/python3.11/site-packages/sqlalchemy/engine/base.py", line 1639, in _execute_clauseelement
    ret = self._execute_context(
          ^^^^^^^^^^^^^^^^^^^^^^
  File "/usr/local/lib64/python3.11/site-packages/sqlalchemy/engine/base.py", line 1848, in _execute_context
    return self._exec_single_context(
           ^^^^^^^^^^^^^^^^^^^^^^^^^^
  File "/usr/local/lib64/python3.11/site-packages/sqlalchemy/engine/base.py", line 1988, in _exec_single_context
    self._handle_dbapi_exception(
  File "/usr/local/lib64/python3.11/site-packages/sqlalchemy/engine/base.py", line 2343, in _handle_dbapi_exception
    raise sqlalchemy_exception.with_traceback(exc_info[2]) from e
  File "/usr/local/lib64/python3.11/site-packages/sqlalchemy/engine/base.py", line 1969, in _exec_single_context
    self.dialect.do_execute(
  File "/usr/local/lib64/python3.11/site-packages/sqlalchemy/engine/default.py", line 922, in do_execute
    cursor.execute(statement, parameters)
sqlalchemy.exc.OperationalError: (sqlite3.OperationalError) no such column: users.avatar_url
[SQL: SELECT users.id AS users_id, users.username AS users_username, users.email AS users_email, users.password_hash AS users_password_hash, users.is_active AS users_is_active, users.avatar_url AS users_avatar_url, users.avatar_file_id AS users_avatar_file_id 
FROM users 
WHERE users.id = ? OR users.username = ? OR users.email = ?
 LIMIT ? OFFSET ?]
[parameters: ('31347787a25a4976', '31347787a25a4976', '31347787a25a4976', 1, 0)]
(Background on this error at: https://sqlalche.me/e/20/e3q8)

[2025-11-29 20:17:27] ERROR in errors: Unhandled Exception [546cb6cb]: (sqlite3.OperationalError) no such column: users.avatar_url
[SQL: SELECT users.id AS users_id, users.username AS users_username, users.email AS users_email, users.password_hash AS users_password_hash, users.is_active AS users_is_active, users.avatar_url AS users_avatar_url, users.avatar_file_id AS users_avatar_file_id 
FROM users 
WHERE users.id = ? OR users.username = ? OR users.email = ?
 LIMIT ? OFFSET ?]
[parameters: ('31347787a25a4976', '31347787a25a4976', '31347787a25a4976', 1, 0)]
(Background on this error at: https://sqlalche.me/e/20/e3q8)
Traceback: Traceback (most recent call last):
  File "/usr/local/lib64/python3.11/site-packages/sqlalchemy/engine/base.py", line 1969, in _exec_single_context
    self.dialect.do_execute(
  File "/usr/local/lib64/python3.11/site-packages/sqlalchemy/engine/default.py", line 922, in do_execute
    cursor.execute(statement, parameters)
sqlite3.OperationalError: no such column: users.avatar_url

The above exception was the direct cause of the following exception:

Traceback (most recent call last):
  File "/usr/local/lib/python3.11/site-packages/flask/app.py", line 867, in full_dispatch_request
    rv = self.dispatch_request()
         ^^^^^^^^^^^^^^^^^^^^^^^
  File "/usr/local/lib/python3.11/site-packages/flask/app.py", line 852, in dispatch_request
    return self.ensure_sync(self.view_functions[rule.endpoint])(**view_args)
           ^^^^^^^^^^^^^^^^^^^^^^^^^^^^^^^^^^^^^^^^^^^^^^^^^^^^^^^^^^^^^^^^^
  File "/root/ToDoListServer/auth.py", line 192, in decorated
    ).first()
      ^^^^^^^
  File "/usr/local/lib64/python3.11/site-packages/sqlalchemy/orm/query.py", line 2748, in first
    return self.limit(1)._iter().first()  # type: ignore
           ^^^^^^^^^^^^^^^^^^^^^
  File "/usr/local/lib64/python3.11/site-packages/sqlalchemy/orm/query.py", line 2847, in _iter
    result: Union[ScalarResult[_T], Result[_T]] = self.session.execute(
                                                  ^^^^^^^^^^^^^^^^^^^^^
  File "/usr/local/lib64/python3.11/site-packages/sqlalchemy/orm/session.py", line 2308, in execute
    return self._execute_internal(
           ^^^^^^^^^^^^^^^^^^^^^^^
  File "/usr/local/lib64/python3.11/site-packages/sqlalchemy/orm/session.py", line 2190, in _execute_internal
    result: Result[Any] = compile_state_cls.orm_execute_statement(
                          ^^^^^^^^^^^^^^^^^^^^^^^^^^^^^^^^^^^^^^^^
  File "/usr/local/lib64/python3.11/site-packages/sqlalchemy/orm/context.py", line 293, in orm_execute_statement
    result = conn.execute(
             ^^^^^^^^^^^^^
  File "/usr/local/lib64/python3.11/site-packages/sqlalchemy/engine/base.py", line 1416, in execute
    return meth(
           ^^^^^
  File "/usr/local/lib64/python3.11/site-packages/sqlalchemy/sql/elements.py", line 516, in _execute_on_connection
    return connection._execute_clauseelement(
           ^^^^^^^^^^^^^^^^^^^^^^^^^^^^^^^^^^
  File "/usr/local/lib64/python3.11/site-packages/sqlalchemy/engine/base.py", line 1639, in _execute_clauseelement
    ret = self._execute_context(
          ^^^^^^^^^^^^^^^^^^^^^^
  File "/usr/local/lib64/python3.11/site-packages/sqlalchemy/engine/base.py", line 1848, in _execute_context
    return self._exec_single_context(
           ^^^^^^^^^^^^^^^^^^^^^^^^^^
  File "/usr/local/lib64/python3.11/site-packages/sqlalchemy/engine/base.py", line 1988, in _exec_single_context
    self._handle_dbapi_exception(
  File "/usr/local/lib64/python3.11/site-packages/sqlalchemy/engine/base.py", line 2343, in _handle_dbapi_exception
    raise sqlalchemy_exception.with_traceback(exc_info[2]) from e
  File "/usr/local/lib64/python3.11/site-packages/sqlalchemy/engine/base.py", line 1969, in _exec_single_context
    self.dialect.do_execute(
  File "/usr/local/lib64/python3.11/site-packages/sqlalchemy/engine/default.py", line 922, in do_execute
    cursor.execute(statement, parameters)
sqlalchemy.exc.OperationalError: (sqlite3.OperationalError) no such column: users.avatar_url
[SQL: SELECT users.id AS users_id, users.username AS users_username, users.email AS users_email, users.password_hash AS users_password_hash, users.is_active AS users_is_active, users.avatar_url AS users_avatar_url, users.avatar_file_id AS users_avatar_file_id 
FROM users 
WHERE users.id = ? OR users.username = ? OR users.email = ?
 LIMIT ? OFFSET ?]
[parameters: ('31347787a25a4976', '31347787a25a4976', '31347787a25a4976', 1, 0)]
(Background on this error at: https://sqlalche.me/e/20/e3q8)

[2025-11-29 20:17:27] ERROR in errors: Unhandled Exception [3c32c326]: (sqlite3.OperationalError) no such column: users.avatar_url
[SQL: SELECT users.id AS users_id, users.username AS users_username, users.email AS users_email, users.password_hash AS users_password_hash, users.is_active AS users_is_active, users.avatar_url AS users_avatar_url, users.avatar_file_id AS users_avatar_file_id 
FROM users 
WHERE users.id = ? OR users.username = ? OR users.email = ?
 LIMIT ? OFFSET ?]
[parameters: ('31347787a25a4976', '31347787a25a4976', '31347787a25a4976', 1, 0)]
(Background on this error at: https://sqlalche.me/e/20/e3q8)
Traceback: Traceback (most recent call last):
  File "/usr/local/lib64/python3.11/site-packages/sqlalchemy/engine/base.py", line 1969, in _exec_single_context
    self.dialect.do_execute(
  File "/usr/local/lib64/python3.11/site-packages/sqlalchemy/engine/default.py", line 922, in do_execute
    cursor.execute(statement, parameters)
sqlite3.OperationalError: no such column: users.avatar_url

The above exception was the direct cause of the following exception:

Traceback (most recent call last):
  File "/usr/local/lib/python3.11/site-packages/flask/app.py", line 867, in full_dispatch_request
    rv = self.dispatch_request()
         ^^^^^^^^^^^^^^^^^^^^^^^
  File "/usr/local/lib/python3.11/site-packages/flask/app.py", line 852, in dispatch_request
    return self.ensure_sync(self.view_functions[rule.endpoint])(**view_args)
           ^^^^^^^^^^^^^^^^^^^^^^^^^^^^^^^^^^^^^^^^^^^^^^^^^^^^^^^^^^^^^^^^^
  File "/root/ToDoListServer/auth.py", line 192, in decorated
    ).first()
      ^^^^^^^
  File "/usr/local/lib64/python3.11/site-packages/sqlalchemy/orm/query.py", line 2748, in first
    return self.limit(1)._iter().first()  # type: ignore
           ^^^^^^^^^^^^^^^^^^^^^
  File "/usr/local/lib64/python3.11/site-packages/sqlalchemy/orm/query.py", line 2847, in _iter
    result: Union[ScalarResult[_T], Result[_T]] = self.session.execute(
                                                  ^^^^^^^^^^^^^^^^^^^^^
  File "/usr/local/lib64/python3.11/site-packages/sqlalchemy/orm/session.py", line 2308, in execute
    return self._execute_internal(
           ^^^^^^^^^^^^^^^^^^^^^^^
  File "/usr/local/lib64/python3.11/site-packages/sqlalchemy/orm/session.py", line 2190, in _execute_internal
    result: Result[Any] = compile_state_cls.orm_execute_statement(
                          ^^^^^^^^^^^^^^^^^^^^^^^^^^^^^^^^^^^^^^^^
  File "/usr/local/lib64/python3.11/site-packages/sqlalchemy/orm/context.py", line 293, in orm_execute_statement
    result = conn.execute(
             ^^^^^^^^^^^^^
  File "/usr/local/lib64/python3.11/site-packages/sqlalchemy/engine/base.py", line 1416, in execute
    return meth(
           ^^^^^
  File "/usr/local/lib64/python3.11/site-packages/sqlalchemy/sql/elements.py", line 516, in _execute_on_connection
    return connection._execute_clauseelement(
           ^^^^^^^^^^^^^^^^^^^^^^^^^^^^^^^^^^
  File "/usr/local/lib64/python3.11/site-packages/sqlalchemy/engine/base.py", line 1639, in _execute_clauseelement
    ret = self._execute_context(
          ^^^^^^^^^^^^^^^^^^^^^^
  File "/usr/local/lib64/python3.11/site-packages/sqlalchemy/engine/base.py", line 1848, in _execute_context
    return self._exec_single_context(
           ^^^^^^^^^^^^^^^^^^^^^^^^^^
  File "/usr/local/lib64/python3.11/site-packages/sqlalchemy/engine/base.py", line 1988, in _exec_single_context
    self._handle_dbapi_exception(
  File "/usr/local/lib64/python3.11/site-packages/sqlalchemy/engine/base.py", line 2343, in _handle_dbapi_exception
    raise sqlalchemy_exception.with_traceback(exc_info[2]) from e
  File "/usr/local/lib64/python3.11/site-packages/sqlalchemy/engine/base.py", line 1969, in _exec_single_context
    self.dialect.do_execute(
  File "/usr/local/lib64/python3.11/site-packages/sqlalchemy/engine/default.py", line 922, in do_execute
    cursor.execute(statement, parameters)
sqlalchemy.exc.OperationalError: (sqlite3.OperationalError) no such column: users.avatar_url
[SQL: SELECT users.id AS users_id, users.username AS users_username, users.email AS users_email, users.password_hash AS users_password_hash, users.is_active AS users_is_active, users.avatar_url AS users_avatar_url, users.avatar_file_id AS users_avatar_file_id 
FROM users 
WHERE users.id = ? OR users.username = ? OR users.email = ?
 LIMIT ? OFFSET ?]
[parameters: ('31347787a25a4976', '31347787a25a4976', '31347787a25a4976', 1, 0)]
(Background on this error at: https://sqlalche.me/e/20/e3q8)

[2025-11-29 20:17:27] ERROR in errors: Unhandled Exception [514336c9]: (sqlite3.OperationalError) no such column: users.avatar_url
[SQL: SELECT users.id AS users_id, users.username AS users_username, users.email AS users_email, users.password_hash AS users_password_hash, users.is_active AS users_is_active, users.avatar_url AS users_avatar_url, users.avatar_file_id AS users_avatar_file_id 
FROM users 
WHERE users.id = ? OR users.username = ? OR users.email = ?
 LIMIT ? OFFSET ?]
[parameters: ('31347787a25a4976', '31347787a25a4976', '31347787a25a4976', 1, 0)]
(Background on this error at: https://sqlalche.me/e/20/e3q8)
Traceback: Traceback (most recent call last):
  File "/usr/local/lib64/python3.11/site-packages/sqlalchemy/engine/base.py", line 1969, in _exec_single_context
    self.dialect.do_execute(
  File "/usr/local/lib64/python3.11/site-packages/sqlalchemy/engine/default.py", line 922, in do_execute
    cursor.execute(statement, parameters)
sqlite3.OperationalError: no such column: users.avatar_url

The above exception was the direct cause of the following exception:

Traceback (most recent call last):
  File "/usr/local/lib/python3.11/site-packages/flask/app.py", line 867, in full_dispatch_request
    rv = self.dispatch_request()
         ^^^^^^^^^^^^^^^^^^^^^^^
  File "/usr/local/lib/python3.11/site-packages/flask/app.py", line 852, in dispatch_request
    return self.ensure_sync(self.view_functions[rule.endpoint])(**view_args)
           ^^^^^^^^^^^^^^^^^^^^^^^^^^^^^^^^^^^^^^^^^^^^^^^^^^^^^^^^^^^^^^^^^
  File "/root/ToDoListServer/auth.py", line 192, in decorated
    ).first()
      ^^^^^^^
  File "/usr/local/lib64/python3.11/site-packages/sqlalchemy/orm/query.py", line 2748, in first
    return self.limit(1)._iter().first()  # type: ignore
           ^^^^^^^^^^^^^^^^^^^^^
  File "/usr/local/lib64/python3.11/site-packages/sqlalchemy/orm/query.py", line 2847, in _iter
    result: Union[ScalarResult[_T], Result[_T]] = self.session.execute(
                                                  ^^^^^^^^^^^^^^^^^^^^^
  File "/usr/local/lib64/python3.11/site-packages/sqlalchemy/orm/session.py", line 2308, in execute
    return self._execute_internal(
           ^^^^^^^^^^^^^^^^^^^^^^^
  File "/usr/local/lib64/python3.11/site-packages/sqlalchemy/orm/session.py", line 2190, in _execute_internal
    result: Result[Any] = compile_state_cls.orm_execute_statement(
                          ^^^^^^^^^^^^^^^^^^^^^^^^^^^^^^^^^^^^^^^^
  File "/usr/local/lib64/python3.11/site-packages/sqlalchemy/orm/context.py", line 293, in orm_execute_statement
    result = conn.execute(
             ^^^^^^^^^^^^^
  File "/usr/local/lib64/python3.11/site-packages/sqlalchemy/engine/base.py", line 1416, in execute
    return meth(
           ^^^^^
  File "/usr/local/lib64/python3.11/site-packages/sqlalchemy/sql/elements.py", line 516, in _execute_on_connection
    return connection._execute_clauseelement(
           ^^^^^^^^^^^^^^^^^^^^^^^^^^^^^^^^^^
  File "/usr/local/lib64/python3.11/site-packages/sqlalchemy/engine/base.py", line 1639, in _execute_clauseelement
    ret = self._execute_context(
          ^^^^^^^^^^^^^^^^^^^^^^
  File "/usr/local/lib64/python3.11/site-packages/sqlalchemy/engine/base.py", line 1848, in _execute_context
    return self._exec_single_context(
           ^^^^^^^^^^^^^^^^^^^^^^^^^^
  File "/usr/local/lib64/python3.11/site-packages/sqlalchemy/engine/base.py", line 1988, in _exec_single_context
    self._handle_dbapi_exception(
  File "/usr/local/lib64/python3.11/site-packages/sqlalchemy/engine/base.py", line 2343, in _handle_dbapi_exception
    raise sqlalchemy_exception.with_traceback(exc_info[2]) from e
  File "/usr/local/lib64/python3.11/site-packages/sqlalchemy/engine/base.py", line 1969, in _exec_single_context
    self.dialect.do_execute(
  File "/usr/local/lib64/python3.11/site-packages/sqlalchemy/engine/default.py", line 922, in do_execute
    cursor.execute(statement, parameters)
sqlalchemy.exc.OperationalError: (sqlite3.OperationalError) no such column: users.avatar_url
[SQL: SELECT users.id AS users_id, users.username AS users_username, users.email AS users_email, users.password_hash AS users_password_hash, users.is_active AS users_is_active, users.avatar_url AS users_avatar_url, users.avatar_file_id AS users_avatar_file_id 
FROM users 
WHERE users.id = ? OR users.username = ? OR users.email = ?
 LIMIT ? OFFSET ?]
[parameters: ('31347787a25a4976', '31347787a25a4976', '31347787a25a4976', 1, 0)]
(Background on this error at: https://sqlalche.me/e/20/e3q8)

[2025-11-29 20:19:01] INFO in logger: 日志系统初始化完成
[2025-11-29 20:19:01] INFO in app: 数据库迁移系统已启用
[2025-11-29 20:19:01] WARNING in app: Flask-Limiter未安装，API限流功能不可用
[2025-11-29 20:19:01] INFO in app: 所有蓝图已注册
[2025-11-29 20:19:01] INFO in app: 数据库表检查完成
[2025-11-29 20:19:01] INFO in app: group_messages 表结构已校正
[2025-11-29 20:19:01] INFO in app: 应用初始化完成
[2025-11-29 20:19:30] INFO in logger: 日志系统初始化完成
[2025-11-29 20:19:30] INFO in app: 数据库迁移系统已启用
[2025-11-29 20:19:30] WARNING in app: Flask-Limiter未安装，API限流功能不可用
[2025-11-29 20:19:30] INFO in app: 所有蓝图已注册
[2025-11-29 20:19:30] INFO in app: 数据库表检查完成
[2025-11-29 20:19:30] INFO in app: group_messages 表结构已校正
[2025-11-29 20:19:30] INFO in app: 应用初始化完成
[2025-11-29 20:19:50] INFO in logger: 日志系统初始化完成
[2025-11-29 20:19:50] INFO in app: 数据库迁移系统已启用
[2025-11-29 20:19:50] WARNING in app: Flask-Limiter未安装，API限流功能不可用
[2025-11-29 20:19:50] INFO in app: 所有蓝图已注册
[2025-11-29 20:19:50] INFO in app: 数据库表检查完成
[2025-11-29 20:19:50] INFO in app: group_messages 表结构已校正
[2025-11-29 20:19:50] INFO in app: 应用初始化完成
[2025-11-29 20:19:50] INFO in logger: 日志系统初始化完成
[2025-11-29 20:19:50] INFO in app: 数据库迁移系统已启用
[2025-11-29 20:19:50] WARNING in app: Flask-Limiter未安装，API限流功能不可用
[2025-11-29 20:19:50] INFO in app: 所有蓝图已注册
[2025-11-29 20:19:50] INFO in app: 数据库表检查完成
[2025-11-29 20:19:50] INFO in app: group_messages 表结构已校正
[2025-11-29 20:19:50] INFO in app: 应用初始化完成
[2025-11-29 20:20:11] INFO in logger: 日志系统初始化完成
[2025-11-29 20:20:11] INFO in app: 数据库迁移系统已启用
[2025-11-29 20:20:11] WARNING in app: Flask-Limiter未安装，API限流功能不可用
[2025-11-29 20:20:12] INFO in app: 所有蓝图已注册
[2025-11-29 20:20:12] INFO in app: 数据库表检查完成
[2025-11-29 20:20:12] INFO in app: group_messages 表结构已校正
[2025-11-29 20:20:12] INFO in app: users 表头像列已校正
[2025-11-29 20:20:12] INFO in app: 应用初始化完成
[2025-11-29 20:20:12] INFO in logger: 日志系统初始化完成
[2025-11-29 20:20:12] INFO in app: 数据库迁移系统已启用
[2025-11-29 20:20:12] WARNING in app: Flask-Limiter未安装，API限流功能不可用
[2025-11-29 20:20:12] INFO in app: 所有蓝图已注册
[2025-11-29 20:20:12] INFO in app: 数据库表检查完成
[2025-11-29 20:20:12] INFO in app: group_messages 表结构已校正
[2025-11-29 20:20:12] INFO in app: users 表头像列已校正
[2025-11-29 20:20:12] INFO in app: 应用初始化完成
[2025-11-30 02:16:45] INFO in logger: 日志系统初始化完成
[2025-11-30 02:16:45] INFO in logger: 日志系统初始化完成
[2025-11-30 02:16:45] INFO in app: 数据库迁移系统已启用
[2025-11-30 02:16:45] INFO in app: 数据库迁移系统已启用
[2025-11-30 02:16:45] WARNING in app: Flask-Limiter未安装，API限流功能不可用
[2025-11-30 02:16:45] WARNING in app: Flask-Limiter未安装，API限流功能不可用
[2025-11-30 02:16:46] INFO in app: 所有蓝图已注册
[2025-11-30 02:16:46] INFO in app: 所有蓝图已注册
[2025-11-30 02:16:46] INFO in app: 数据库表检查完成
[2025-11-30 02:16:46] INFO in app: 数据库表检查完成
[2025-11-30 02:16:46] INFO in app: group_messages 表结构已校正
[2025-11-30 02:16:46] INFO in app: group_messages 表结构已校正
[2025-11-30 02:16:46] INFO in app: users 表头像列已校正
[2025-11-30 02:16:46] INFO in app: 应用初始化完成
[2025-11-30 02:16:46] INFO in app: users 表头像列已校正
[2025-11-30 02:16:46] INFO in app: 应用初始化完成
[2025-11-30 02:17:13] INFO in logger: 日志系统初始化完成
[2025-11-30 02:17:13] INFO in app: 数据库迁移系统已启用
[2025-11-30 02:17:13] WARNING in app: Flask-Limiter未安装，API限流功能不可用
[2025-11-30 02:17:13] INFO in logger: 日志系统初始化完成
[2025-11-30 02:17:13] INFO in app: 数据库迁移系统已启用
[2025-11-30 02:17:13] WARNING in app: Flask-Limiter未安装，API限流功能不可用
[2025-11-30 02:17:14] INFO in app: 所有蓝图已注册
[2025-11-30 02:17:14] INFO in app: 所有蓝图已注册
[2025-11-30 02:17:14] INFO in app: 数据库表检查完成
[2025-11-30 02:17:14] INFO in app: group_messages 表结构已校正
[2025-11-30 02:17:14] INFO in app: users 表头像列已校正
[2025-11-30 02:17:14] INFO in app: 应用初始化完成
[2025-11-30 02:17:14] INFO in app: 数据库表检查完成
[2025-11-30 02:17:14] INFO in app: group_messages 表结构已校正
[2025-11-30 02:17:14] INFO in app: users 表头像列已校正
[2025-11-30 02:17:14] INFO in app: 应用初始化完成
[2025-11-30 02:17:21] INFO in logger: 日志系统初始化完成
[2025-11-30 02:17:21] INFO in app: 数据库迁移系统已启用
[2025-11-30 02:17:21] WARNING in app: Flask-Limiter未安装，API限流功能不可用
[2025-11-30 02:17:21] INFO in logger: 日志系统初始化完成
[2025-11-30 02:17:21] INFO in app: 数据库迁移系统已启用
[2025-11-30 02:17:21] WARNING in app: Flask-Limiter未安装，API限流功能不可用
[2025-11-30 02:17:21] INFO in app: 所有蓝图已注册
[2025-11-30 02:17:21] INFO in app: 数据库表检查完成
[2025-11-30 02:17:21] INFO in app: group_messages 表结构已校正
[2025-11-30 02:17:21] INFO in app: users 表头像列已校正
[2025-11-30 02:17:21] INFO in app: 应用初始化完成
[2025-11-30 02:17:21] INFO in app: 所有蓝图已注册
[2025-11-30 02:17:21] INFO in app: 数据库表检查完成
[2025-11-30 02:17:21] INFO in app: group_messages 表结构已校正
[2025-11-30 02:17:21] INFO in app: users 表头像列已校正
[2025-11-30 02:17:21] INFO in app: 应用初始化完成
[2025-11-30 02:19:42] INFO in logger: 日志系统初始化完成
[2025-11-30 02:19:42] INFO in app: 数据库迁移系统已启用
[2025-11-30 02:19:42] WARNING in app: Flask-Limiter未安装，API限流功能不可用
[2025-11-30 02:19:43] INFO in app: 所有蓝图已注册
[2025-11-30 02:19:43] INFO in app: 数据库表检查完成
[2025-11-30 02:19:43] INFO in app: group_messages 表结构已校正
[2025-11-30 02:19:43] INFO in app: users 表头像列已校正
[2025-11-30 02:19:43] INFO in app: tasks 表新增列已校正
[2025-11-30 02:19:43] INFO in app: 应用初始化完成
[2025-11-30 02:19:43] INFO in logger: 日志系统初始化完成
[2025-11-30 02:19:43] INFO in app: 数据库迁移系统已启用
[2025-11-30 02:19:43] WARNING in app: Flask-Limiter未安装，API限流功能不可用
[2025-11-30 02:19:43] INFO in app: 所有蓝图已注册
[2025-11-30 02:19:43] INFO in app: 数据库表检查完成
[2025-11-30 02:19:43] INFO in app: group_messages 表结构已校正
[2025-11-30 02:19:43] INFO in app: users 表头像列已校正
[2025-11-30 02:19:43] INFO in app: tasks 表新增列已校正
[2025-11-30 02:19:43] INFO in app: 应用初始化完成
[2025-11-30 04:38:25] INFO in logger: 日志系统初始化完成
[2025-11-30 04:38:25] INFO in app: 数据库迁移系统已启用
[2025-11-30 04:38:25] WARNING in app: Flask-Limiter未安装，API限流功能不可用
[2025-11-30 04:38:26] INFO in app: 所有蓝图已注册
[2025-11-30 04:38:26] INFO in app: 数据库表检查完成
[2025-11-30 04:38:26] INFO in app: group_messages 表结构已校正
[2025-11-30 04:38:26] INFO in app: users 表头像列已校正
[2025-11-30 04:38:26] INFO in app: tasks 表新增列已校正
[2025-11-30 04:38:26] INFO in app: 应用初始化完成
[2025-11-30 04:38:33] INFO in logger: 日志系统初始化完成
[2025-11-30 04:38:33] INFO in app: 数据库迁移系统已启用
[2025-11-30 04:38:33] WARNING in app: Flask-Limiter未安装，API限流功能不可用
[2025-11-30 04:38:33] INFO in app: 所有蓝图已注册
[2025-11-30 04:38:33] INFO in app: 数据库表检查完成
[2025-11-30 04:38:33] INFO in app: group_messages 表结构已校正
[2025-11-30 04:38:33] INFO in app: users 表头像列已校正
[2025-11-30 04:38:33] INFO in app: tasks 表新增列已校正
[2025-11-30 04:38:33] INFO in app: oauth_accounts 索引已校正
[2025-11-30 04:38:33] INFO in app: 应用初始化完成
[2025-11-30 04:38:42] INFO in logger: 日志系统初始化完成
[2025-11-30 04:38:42] INFO in app: 数据库迁移系统已启用
[2025-11-30 04:38:42] WARNING in app: Flask-Limiter未安装，API限流功能不可用
[2025-11-30 04:38:42] INFO in app: 所有蓝图已注册
[2025-11-30 04:38:42] INFO in app: 数据库表检查完成
[2025-11-30 04:38:42] INFO in app: group_messages 表结构已校正
[2025-11-30 04:38:42] INFO in app: users 表头像列已校正
[2025-11-30 04:38:42] INFO in app: tasks 表新增列已校正
[2025-11-30 04:38:42] INFO in app: oauth_accounts 索引已校正
[2025-11-30 04:38:42] INFO in app: 应用初始化完成
[2025-11-30 05:31:46] INFO in logger: 日志系统初始化完成
[2025-11-30 05:31:46] INFO in app: 数据库迁移系统已启用
[2025-11-30 05:31:46] WARNING in app: Flask-Limiter未安装，API限流功能不可用
[2025-11-30 05:31:46] INFO in app: 所有蓝图已注册
[2025-11-30 05:31:46] INFO in app: 数据库表检查完成
[2025-11-30 05:31:46] INFO in app: group_messages 表结构已校正
[2025-11-30 05:31:46] INFO in app: users 表头像列已校正
[2025-11-30 05:31:46] INFO in app: tasks 表新增列已校正
[2025-11-30 05:31:46] INFO in app: oauth_accounts 索引已校正
[2025-11-30 05:31:46] INFO in app: 应用初始化完成
[2025-11-30 05:31:47] INFO in logger: 日志系统初始化完成
[2025-11-30 05:31:47] INFO in app: 数据库迁移系统已启用
[2025-11-30 05:31:47] WARNING in app: Flask-Limiter未安装，API限流功能不可用
[2025-11-30 05:31:47] INFO in app: 所有蓝图已注册
[2025-11-30 05:31:47] INFO in app: 数据库表检查完成
[2025-11-30 05:31:47] INFO in app: group_messages 表结构已校正
[2025-11-30 05:31:47] INFO in app: users 表头像列已校正
[2025-11-30 05:31:47] INFO in app: tasks 表新增列已校正
[2025-11-30 05:31:47] INFO in app: oauth_accounts 索引已校正
[2025-11-30 05:31:47] INFO in app: 应用初始化完成
